This is pdfTeX, Version 3.14159265-2.6-1.40.16 (TeX Live 2015/Debian) (preloaded format=pdflatex 2018.10.12)  30 JUL 2019 18:50
entering extended mode
 restricted \write18 enabled.
 %&-line parsing enabled.
**All-codes
(./All-codes.tex
LaTeX2e <2016/02/01>
Babel <3.9q> and hyphenation patterns for 81 language(s) loaded.
(/usr/share/texlive/texmf-dist/tex/latex/base/article.cls
Document Class: article 2014/09/29 v1.4h Standard LaTeX document class
(/usr/share/texlive/texmf-dist/tex/latex/base/size11.clo
File: size11.clo 2014/09/29 v1.4h Standard LaTeX file (size option)
)
\c@part=\count79
\c@section=\count80
\c@subsection=\count81
\c@subsubsection=\count82
\c@paragraph=\count83
\c@subparagraph=\count84
\c@figure=\count85
\c@table=\count86
\abovecaptionskip=\skip41
\belowcaptionskip=\skip42
\bibindent=\dimen102
)
(/usr/share/texlive/texmf-dist/tex/latex/listings/listings.sty
(/usr/share/texlive/texmf-dist/tex/latex/graphics/keyval.sty
Package: keyval 2014/10/28 v1.15 key=value parser (DPC)
\KV@toks@=\toks14
)
\lst@mode=\count87
\lst@gtempboxa=\box26
\lst@token=\toks15
\lst@length=\count88
\lst@currlwidth=\dimen103
\lst@column=\count89
\lst@pos=\count90
\lst@lostspace=\dimen104
\lst@width=\dimen105
\lst@newlines=\count91
\lst@lineno=\count92
\lst@maxwidth=\dimen106

(/usr/share/texlive/texmf-dist/tex/latex/listings/lstmisc.sty
File: lstmisc.sty 2015/06/04 1.6 (Carsten Heinz)
\c@lstnumber=\count93
\lst@skipnumbers=\count94
\lst@framebox=\box27
)
(/usr/share/texlive/texmf-dist/tex/latex/listings/listings.cfg
File: listings.cfg 2015/06/04 1.6 listings configuration
))
Package: listings 2015/06/04 1.6 (Carsten Heinz)

(/usr/share/texlive/texmf-dist/tex/latex/graphics/color.sty
Package: color 2016/01/03 v1.1b Standard LaTeX Color (DPC)

(/usr/share/texlive/texmf-dist/tex/latex/latexconfig/color.cfg
File: color.cfg 2007/01/18 v1.5 color configuration of teTeX/TeXLive
)
Package color Info: Driver file: pdftex.def on input line 143.

(/usr/share/texlive/texmf-dist/tex/latex/pdftex-def/pdftex.def
File: pdftex.def 2011/05/27 v0.06d Graphics/color for pdfTeX

(/usr/share/texlive/texmf-dist/tex/generic/oberdiek/infwarerr.sty
Package: infwarerr 2010/04/08 v1.3 Providing info/warning/error messages (HO)
)
(/usr/share/texlive/texmf-dist/tex/generic/oberdiek/ltxcmds.sty
Package: ltxcmds 2011/11/09 v1.22 LaTeX kernel commands for general use (HO)
)
\Gread@gobject=\count95
))
(/usr/share/texlive/texmf-dist/tex/latex/listings/lstlang1.sty
File: lstlang1.sty 2015/06/04 1.6 listings language file
)
(/usr/share/texlive/texmf-dist/tex/latex/listings/lstlang2.sty
File: lstlang2.sty 2015/06/04 1.6 listings language file
)
(/usr/share/texlive/texmf-dist/tex/latex/listings/lstlang3.sty
File: lstlang3.sty 2015/06/04 1.6 listings language file
)
(./All-codes.aux)
\openout1 = `All-codes.aux'.

LaTeX Font Info:    Checking defaults for OML/cmm/m/it on input line 42.
LaTeX Font Info:    ... okay on input line 42.
LaTeX Font Info:    Checking defaults for T1/cmr/m/n on input line 42.
LaTeX Font Info:    ... okay on input line 42.
LaTeX Font Info:    Checking defaults for OT1/cmr/m/n on input line 42.
LaTeX Font Info:    ... okay on input line 42.
LaTeX Font Info:    Checking defaults for OMS/cmsy/m/n on input line 42.
LaTeX Font Info:    ... okay on input line 42.
LaTeX Font Info:    Checking defaults for OMX/cmex/m/n on input line 42.
LaTeX Font Info:    ... okay on input line 42.
LaTeX Font Info:    Checking defaults for U/cmr/m/n on input line 42.
LaTeX Font Info:    ... okay on input line 42.
\c@lstlisting=\count96
 (/usr/share/texlive/texmf-dist/tex/context/base/supp-pdf.mkii
[Loading MPS to PDF converter (version 2006.09.02).]
\scratchcounter=\count97
\scratchdimen=\dimen107
\scratchbox=\box28
\nofMPsegments=\count98
\nofMParguments=\count99
\everyMPshowfont=\toks16
\MPscratchCnt=\count100
\MPscratchDim=\dimen108
\MPnumerator=\count101
\makeMPintoPDFobject=\count102
\everyMPtoPDFconversion=\toks17
) (./Example-1-1-1.r) (./Example-1-1-2.r
Overfull \vbox (56.9055pt too high) has occurred while \output is active []


[1

{/var/lib/texmf/fonts/map/pdftex/updmap/pdftex.map}]
Overfull \vbox (56.9055pt too high) has occurred while \output is active []


[2]) (./Example-1-2-4.r) (./Example-1-2-9.r) (./Example-1-4-6-advanced.r
Overfull \vbox (56.9055pt too high) has occurred while \output is active []


[3]) (./Example-1-4-6.r
Overfull \vbox (56.9055pt too high) has occurred while \output is active []


[4])
Overfull \vbox (56.9055pt too high) has occurred while \output is active []


[5] (./Example-2-1-7.r) (./Example-2-4-7.r
Overfull \vbox (56.9055pt too high) has occurred while \output is active []


[6

]) (./Figure-2-4-1.r
Overfull \vbox (56.9055pt too high) has occurred while \output is active []


[7]) (./Example-2-5-4.r) (./Example-2-6-1.r
Overfull \vbox (56.9055pt too high) has occurred while \output is active []


[8]) (./Example-2-6-2.r) (./Example-2-6-5.r)
Overfull \vbox (56.9055pt too high) has occurred while \output is active []


[9] (./Example-3-2-1.r) (./Example-3-2-2.r) (./Example-3-2-4.r)
(./Example-3-2-6.r) (./Example-3-2-9.r
Overfull \vbox (56.9055pt too high) has occurred while \output is active []


[10

]) (./Example-3-3-3.r) (./Example-3-3-4.r
Overfull \vbox (56.9055pt too high) has occurred while \output is active []


[11]) (./Example-3-3-5.r) (./Example-3-3-6.r) (./Example-3-3-7.r)
Overfull \vbox (56.9055pt too high) has occurred while \output is active []


[12] (./Example-6-1-1.r) (./Example-6-1-3.r) (./Example-6-1-4.r
Overfull \vbox (56.9055pt too high) has occurred while \output is active []


[13

]) (./Example-6-1-5.r) (./Example-6-2-2.r) (./Example-6-2-3.r
Overfull \vbox (56.9055pt too high) has occurred while \output is active []


[14]) (./Example-6-2-4.r) (./Example-6-2-5.r
Overfull \vbox (56.9055pt too high) has occurred while \output is active []


[15]) (./Example-6-3-3.r
Overfull \vbox (56.9055pt too high) has occurred while \output is active []


[16]) (./Example-6-3-4.r) (./Example-6-3-5.r) (./Example-6-4-4.r
Overfull \vbox (56.9055pt too high) has occurred while \output is active []


[17]) (./Example-6-5-1.r
Overfull \vbox (56.9055pt too high) has occurred while \output is active []


[18])
Overfull \vbox (56.9055pt too high) has occurred while \output is active []


[19] (./Example-7-1-4.r) (./Example-7-1-5.r
Overfull \vbox (56.9055pt too high) has occurred while \output is active []


[20

]) (./Example-7-2-3.r
Overfull \vbox (56.9055pt too high) has occurred while \output is active []


[21]) (./Example-7-2-4.r) (./Example-7-3-1.r)
Overfull \vbox (56.9055pt too high) has occurred while \output is active []


[22] (./Example-8-2-1.r) (./Example-8-2-2.r) (./Example-8-2-3.r
Overfull \vbox (56.9055pt too high) has occurred while \output is active []


[23

]) (./Example-8-5-1.r) (./Example-8-5-2.r
Overfull \vbox (56.9055pt too high) has occurred while \output is active []


[24]) (./Figure-8-5-2.r) (./Example-8-5-3.r
Overfull \vbox (56.9055pt too high) has occurred while \output is active []


[25])
Overfull \vbox (56.9055pt too high) has occurred while \output is active []


[26] (./Example-9-1-1.r) (./Example-9-1-2.r
Overfull \vbox (56.9055pt too high) has occurred while \output is active []


[27

]) (./Example-9-1-3.r) (./Example-9-1-4.r
Overfull \vbox (56.9055pt too high) has occurred while \output is active []


[28]) (./Example-9-2-1.r
Overfull \vbox (56.9055pt too high) has occurred while \output is active []


[29]) (./Example-9-2-2.r
Overfull \vbox (56.9055pt too high) has occurred while \output is active []


[30]) (./Example-9-2-3.r) (./Example-9-3-2.r
Overfull \hbox (37.99245pt too wide) in paragraph at lines 6--7
[][][][][][][][][][][][][][][][][][][][][][][][][][][][][][][][][][][][][][][][
][][][][][][][][][][][][][][][][][][][][]  
 []


Overfull \hbox (37.99245pt too wide) in paragraph at lines 22--23
[][][][][][][][][][][][][][][][][][][][][][][][][][][][][][][][][][][][][][][][
][][][][][][][][][][][][][][][][][][][][]  
 []


Overfull \vbox (56.9055pt too high) has occurred while \output is active []


[31]
Overfull \hbox (37.99245pt too wide) in paragraph at lines 41--42
[][][][][][][][][][][][][][][][][][][][][][][][][][][][][][][][][][][][][][][][
][][][][][][][][][][][][][][][][][][][][]  
 []

)
Overfull \vbox (56.9055pt too high) has occurred while \output is active []


[32] (./Appendix-B-Table-IV.r) (./Appendix-B-Table-V.r
Overfull \vbox (56.9055pt too high) has occurred while \output is active []


[33

])
Overfull \vbox (56.9055pt too high) has occurred while \output is active []


[34] (./All-codes.aux) ) 
Here is how much of TeX's memory you used:
 3361 strings out of 493029
 44167 string characters out of 6136233
 289861 words of memory out of 5000000
 6756 multiletter control sequences out of 15000+600000
 5481 words of font info for 21 fonts, out of 8000000 for 9000
 1141 hyphenation exceptions out of 8191
 26i,6n,40p,238b,1630s stack positions out of 5000i,500n,10000p,200000b,80000s
</usr/share/texlive/texmf-dist/fonts/type1/public/amsfo
nts/cm/cmbx12.pfb></usr/share/texlive/texmf-dist/fonts/type1/public/amsfonts/cm
/cmr10.pfb></usr/share/texlive/texmf-dist/fonts/type1/public/amsfonts/cm/cmtt8.
pfb>
Output written on All-codes.pdf (34 pages, 184578 bytes).
PDF statistics:
 125 PDF objects out of 1000 (max. 8388607)
 85 compressed objects within 1 object stream
 0 named destinations out of 1000 (max. 500000)
 1 words of extra memory for PDF output out of 10000 (max. 10000000)

