This is pdfTeX, Version 3.1415926-2.5-1.40.14 (TeX Live 2013/Debian) (format=latex 2016.1.17)  2 NOV 2016 12:32
entering extended mode
 restricted \write18 enabled.
 %&-line parsing enabled.
**Rcode
(./Rcode.tex
LaTeX2e <2011/06/27>
Babel <3.9h> and hyphenation patterns for 11 languages loaded.
(/usr/share/texlive/texmf-dist/tex/latex/base/article.cls
Document Class: article 2007/10/19 v1.4h Standard LaTeX document class
(/usr/share/texlive/texmf-dist/tex/latex/base/size12.clo
File: size12.clo 2007/10/19 v1.4h Standard LaTeX file (size option)
)
\c@part=\count79
\c@section=\count80
\c@subsection=\count81
\c@subsubsection=\count82
\c@paragraph=\count83
\c@subparagraph=\count84
\c@figure=\count85
\c@table=\count86
\abovecaptionskip=\skip41
\belowcaptionskip=\skip42
\bibindent=\dimen102
)
(/usr/share/texlive/texmf-dist/tex/latex/listings/listings.sty
(/usr/share/texlive/texmf-dist/tex/latex/graphics/keyval.sty
Package: keyval 1999/03/16 v1.13 key=value parser (DPC)
\KV@toks@=\toks14
)
\lst@mode=\count87
\lst@gtempboxa=\box26
\lst@token=\toks15
\lst@length=\count88
\lst@currlwidth=\dimen103
\lst@column=\count89
\lst@pos=\count90
\lst@lostspace=\dimen104
\lst@width=\dimen105
\lst@newlines=\count91
\lst@lineno=\count92
\lst@maxwidth=\dimen106

(/usr/share/texlive/texmf-dist/tex/latex/listings/lstmisc.sty
File: lstmisc.sty 2013/08/26 1.5b (Carsten Heinz)
\c@lstnumber=\count93
\lst@skipnumbers=\count94
\lst@framebox=\box27
)
(/usr/share/texlive/texmf-dist/tex/latex/listings/listings.cfg
File: listings.cfg 2013/08/26 1.5b listings configuration
))
Package: listings 2013/08/26 1.5b (Carsten Heinz)

(/usr/share/texlive/texmf-dist/tex/latex/graphics/color.sty
Package: color 2005/11/14 v1.0j Standard LaTeX Color (DPC)

(/usr/share/texlive/texmf-dist/tex/latex/latexconfig/color.cfg
File: color.cfg 2007/01/18 v1.5 color configuration of teTeX/TeXLive
)
Package color Info: Driver file: dvips.def on input line 130.

(/usr/share/texlive/texmf-dist/tex/latex/graphics/dvips.def
File: dvips.def 1999/02/16 v3.0i Driver-dependant file (DPC,SPQR)
)
(/usr/share/texlive/texmf-dist/tex/latex/graphics/dvipsnam.def
File: dvipsnam.def 1999/02/16 v3.0i Driver-dependant file (DPC,SPQR)
))
(/usr/share/texlive/texmf-dist/tex/latex/listings/lstlang1.sty
File: lstlang1.sty 2013/08/26 1.5b listings language file
)
(/usr/share/texlive/texmf-dist/tex/latex/listings/lstlang2.sty
File: lstlang2.sty 2013/08/26 1.5b listings language file
)
(/usr/share/texlive/texmf-dist/tex/latex/listings/lstlang3.sty
File: lstlang3.sty 2013/08/26 1.5b listings language file
) (./Rcode.aux)
\openout1 = `Rcode.aux'.

LaTeX Font Info:    Checking defaults for OML/cmm/m/it on input line 42.
LaTeX Font Info:    ... okay on input line 42.
LaTeX Font Info:    Checking defaults for T1/cmr/m/n on input line 42.
LaTeX Font Info:    ... okay on input line 42.
LaTeX Font Info:    Checking defaults for OT1/cmr/m/n on input line 42.
LaTeX Font Info:    ... okay on input line 42.
LaTeX Font Info:    Checking defaults for OMS/cmsy/m/n on input line 42.
LaTeX Font Info:    ... okay on input line 42.
LaTeX Font Info:    Checking defaults for OMX/cmex/m/n on input line 42.
LaTeX Font Info:    ... okay on input line 42.
LaTeX Font Info:    Checking defaults for U/cmr/m/n on input line 42.
LaTeX Font Info:    ... okay on input line 42.
\c@lstlisting=\count95

(./Example-6-1-1.r) (./Example-6-1-3.r) (./Example-6-1-5.r
Overfull \vbox (56.9055pt too high) has occurred while \output is active []


[1

]) (./Example-6-2-2.r) (./Example-6-2-3.r
Overfull \vbox (56.9055pt too high) has occurred while \output is active []


[2]) (./Example-6-3-3.r
Overfull \vbox (56.9055pt too high) has occurred while \output is active []


[3]) (./Example-6-3-4.r) (./Example-6-3-5.r)
Overfull \vbox (56.9055pt too high) has occurred while \output is active []


[4] (./Example-6-4-4.r) (./Example-6-5-1.r
Overfull \vbox (56.9055pt too high) has occurred while \output is active []


[5])
Overfull \vbox (56.9055pt too high) has occurred while \output is active []


[6] (./Example-7-1-4.r) (./Example-7-1-5.r
Overfull \vbox (56.9055pt too high) has occurred while \output is active []


[7

]) (./Example-7-2-3.r)
Overfull \vbox (56.9055pt too high) has occurred while \output is active []


[8] (./Example-7-2-4.r) (./Example-7-3-1.r)
Overfull \vbox (56.9055pt too high) has occurred while \output is active []


[9] (./Example-8-2-1.r) (./Example-8-2-2.r) (./Figure-8-5-2.r
Overfull \vbox (56.9055pt too high) has occurred while \output is active []


[10

]) (./Example-8-5-3.r)
Overfull \vbox (56.9055pt too high) has occurred while \output is active []


[11] (./Example-9-1-1.r) (./Example-9-1-2.r
Overfull \vbox (56.9055pt too high) has occurred while \output is active []


[12

]) (./Example-9-1-3.r) (./Example-9-1-4.r
Overfull \vbox (56.9055pt too high) has occurred while \output is active []


[13]
Overfull \vbox (56.9055pt too high) has occurred while \output is active []


[14]) (./Example-9-2-1.r) (./Example-9-2-2.r
Overfull \vbox (56.9055pt too high) has occurred while \output is active []


[15]) (./Example-9-2-3.r)
Overfull \vbox (56.9055pt too high) has occurred while \output is active []


[16] (./Rcode.aux) ) 
Here is how much of TeX's memory you used:
 2727 strings out of 494757
 35921 string characters out of 6175176
 269133 words of memory out of 5000000
 6034 multiletter control sequences out of 15000+600000
 5480 words of font info for 21 fonts, out of 8000000 for 9000
 80 hyphenation exceptions out of 8191
 26i,6n,41p,197b,1632s stack positions out of 5000i,500n,10000p,200000b,80000s

Output written on Rcode.dvi (16 pages, 437288 bytes).
